<?xml version="1.0" encoding="UTF-8"?>
<!-- Generated by org.testng.reporters.JUnitReportReporter -->
<testsuite hostname="MININT-OJMHQN7" name="com.fanniemae.testcases.DummyTestCase" tests="1" failures="0" timestamp="20 Jul 2017 18:32:28 GMT" time="1.415" errors="0">
  <testcase name="LoginTest" time="1.415" classname="com.fanniemae.testcases.DummyTestCase"/>
</testsuite> <!-- com.fanniemae.testcases.DummyTestCase -->
